<?xml version="1.0" encoding="UTF-8"?>
<!-- Generated by org.testng.reporters.JUnitXMLReporter -->
<testsuite hostname="Mamun79s-MBP.fios-router.home" ignored="0" name="Test" tests="4" failures="0" timestamp="06 Aug 2019 14:40:47 GMT" time="11.164" errors="0">
  <testcase name="test2" time="5.378" classname="com.docker.com.dockerContainer.DockerTest1"/>
  <testcase name="test3" time="6.121" classname="com.docker.com.dockerContainer.DockerTest2"/>
  <testcase name="test4" time="7.364" classname="com.docker.com.dockerContainer.DockerTest3"/>
  <testcase name="test1" time="11.139" classname="com.docker.com.dockerContainer.dockerTest"/>
</testsuite> <!-- Test -->
